Using pre-set license
Built from '2020.3/release' branch; Version is '2020.3.1f1 (77a89f25062f) revision 7841951'; Using compiler version '192528614'; Build Type 'Release'
OS: 'Windows 10 Pro; OS build 19042.985; Version 2009; 64bit' Language: 'ko' Physical Memory: 32702 MB
BatchMode: 1, IsHumanControllingUs: 0, StartBugReporterOnCrash: 0, Is64bit: 1, IsPro: 0

 COMMAND LINE ARGUMENTS:
D:\Unity\2020.3.1f1\Editor\Unity.exe
-adb2
-batchMode
-noUpm
-name
AssetImportWorker0
-projectPath
C:/Users/Admin/Desktop/1.Object RoomExit/1.ObjectRoomExit
-logFile
Logs/AssetImportWorker0.log
-srvPort
61985
Successfully changed project path to: C:/Users/Admin/Desktop/1.Object RoomExit/1.ObjectRoomExit
C:/Users/Admin/Desktop/1.Object RoomExit/1.ObjectRoomExit
Using Asset Import Pipeline V2.
Refreshing native plugins compatible for Editor in 22.03 ms, found 0 plugins.
Preloading 0 native plugins for Editor in 0.00 ms.
Initialize engine version: 2020.3.1f1 (77a89f25062f)
[Subsystems] Discovering subsystems at path D:/Unity/2020.3.1f1/Editor/Data/Resources/UnitySubsystems
[Subsystems] Discovering subsystems at path C:/Users/Admin/Desktop/1.Object RoomExit/1.ObjectRoomExit/Assets
GfxDevice: creating device client; threaded=0
Direct3D:
    Version:  Direct3D 11.0 [level 11.1]
    Renderer: NVIDIA GeForce RTX 2070 SUPER (ID=0x1e84)
    Vendor:   
    VRAM:     8011 MB
    Driver:   27.21.14.6172
Initialize mono
Mono path[0] = 'D:/Unity/2020.3.1f1/Editor/Data/Managed'
Mono path[1] = 'D:/Unity/2020.3.1f1/Editor/Data/MonoBleedingEdge/lib/mono/unityjit'
Mono config path = 'D:/Unity/2020.3.1f1/Editor/Data/MonoBleedingEdge/etc'
Using monoOptions --debugger-agent=transport=dt_socket,embedding=1,server=y,suspend=n,address=127.0.0.1:56264
Begin MonoManager ReloadAssembly
Registering precompiled unity dll's ...
Register platform support module: D:/Unity/2020.3.1f1/Editor/Data/PlaybackEngines/WebGLSupport/UnityEditor.WebGL.Extensions.dll
Register platform support module: D:/Unity/2020.3.1f1/Editor/Data/PlaybackEngines/WindowsStandaloneSupport/UnityEditor.WindowsStandalone.Extensions.dll
Registered in 0.001222 seconds.
Native extension for WindowsStandalone target not found
Native extension for WebGL target not found
Refreshing native plugins compatible for Editor in 23.76 ms, found 0 plugins.
Preloading 0 native plugins for Editor in 0.00 ms.
Invoked RoslynAnalysisRunner static constructor.
RoslynAnalysisRunner will not be running.
RoslynAnalysisRunner has terminated.
Mono: successfully reloaded assembly
- Completed reload, in  0.767 seconds
Platform modules already initialized, skipping
Registering precompiled user dll's ...
Registered in 0.000602 seconds.
Begin MonoManager ReloadAssembly
Native extension for WindowsStandalone target not found
Native extension for WebGL target not found
Refreshing native plugins compatible for Editor in 0.28 ms, found 0 plugins.
Preloading 0 native plugins for Editor in 0.00 ms.
Invoked RoslynAnalysisRunner static constructor.
RoslynAnalysisRunner will not be running.
RoslynAnalysisRunner has terminated.
Mono: successfully reloaded assembly
- Completed reload, in  0.632 seconds
Platform modules already initialized, skipping
========================================================================
Worker process is ready to serve import requests
Launched and connected shader compiler UnityShaderCompiler.exe after 0.04 seconds
Refreshing native plugins compatible for Editor in 0.26 ms, found 0 plugins.
Preloading 0 native plugins for Editor in 0.00 ms.
Unloading 1123 Unused Serialized files (Serialized files now loaded: 0)
System memory in use before: 61.1 MB.
System memory in use after: 61.2 MB.

Unloading 9 unused Assets to reduce memory usage. Loaded Objects now: 1580.
Total: 1.681000 ms (FindLiveObjects: 0.160600 ms CreateObjectMapping: 0.027100 ms MarkObjects: 1.428500 ms  DeleteObjects: 0.063900 ms)

========================================================================
Received Import Request.
  path: Assets/Resources
  artifactKey: Guid(0167e62cc50c9c241892140e7a7ff889) Importer(815301076,1909f56bfc062723c751e8b465ee728b)
Start importing Assets/Resources using Guid(0167e62cc50c9c241892140e7a7ff889) Importer(815301076,1909f56bfc062723c751e8b465ee728b)  -> (artifact id: '8233fcec7f66df5a69cfc6ae438f3102') in 0.008279 seconds
  Import took 0.010046 seconds .

========================================================================
Received Import Request.
  Time since last request: 18.011982 seconds.
  path: Assets/Flashlight
  artifactKey: Guid(cc238079d7b7c7a48b0427fa66360f45) Importer(815301076,1909f56bfc062723c751e8b465ee728b)
Start importing Assets/Flashlight using Guid(cc238079d7b7c7a48b0427fa66360f45) Importer(815301076,1909f56bfc062723c751e8b465ee728b)  -> (artifact id: 'ac3b5722d41b9c1b0eaf8412e0a1cd1e') in 0.005527 seconds
  Import took 0.007574 seconds .

========================================================================
Received Import Request.
  Time since last request: 34.470275 seconds.
  path: Assets/Flashlight/Textures
  artifactKey: Guid(c87203724062b8b47812e372fcd39fff) Importer(815301076,1909f56bfc062723c751e8b465ee728b)
Start importing Assets/Flashlight/Textures using Guid(c87203724062b8b47812e372fcd39fff) Importer(815301076,1909f56bfc062723c751e8b465ee728b)  -> (artifact id: 'fdf6169ed5434e478051ebd91d93b32e') in 0.005703 seconds
  Import took 0.007702 seconds .

========================================================================
Received Import Request.
  Time since last request: 0.083553 seconds.
  path: Assets/Flashlight/Textures/Flashlight_Cookie.png
  artifactKey: Guid(29135c4c1148bc44883907ae1a731420) Importer(815301076,1909f56bfc062723c751e8b465ee728b)
Start importing Assets/Flashlight/Textures/Flashlight_Cookie.png using Guid(29135c4c1148bc44883907ae1a731420) Importer(815301076,1909f56bfc062723c751e8b465ee728b)  -> (artifact id: '1ac81d8fd6b8cca2d744173954f47640') in 0.088532 seconds
  Import took 0.090600 seconds .

========================================================================
Received Import Request.
  Time since last request: 0.000174 seconds.
  path: Assets/Flashlight/Textures/Flashlight_Cookie3.png
  artifactKey: Guid(7f4b9d678ae21f94cae37c27309b3bbe) Importer(815301076,1909f56bfc062723c751e8b465ee728b)
Start importing Assets/Flashlight/Textures/Flashlight_Cookie3.png using Guid(7f4b9d678ae21f94cae37c27309b3bbe) Importer(815301076,1909f56bfc062723c751e8b465ee728b)  -> (artifact id: '8e78e66015d99de81084eae40ec56ce0') in 0.009525 seconds
  Import took 0.011277 seconds .

========================================================================
Received Import Request.
  Time since last request: 0.000203 seconds.
  path: Assets/Flashlight/Textures/FlashLight_Opac.png
  artifactKey: Guid(6b1b00d8b882108488ba17c390b2ad65) Importer(815301076,1909f56bfc062723c751e8b465ee728b)
Start importing Assets/Flashlight/Textures/FlashLight_Opac.png using Guid(6b1b00d8b882108488ba17c390b2ad65) Importer(815301076,1909f56bfc062723c751e8b465ee728b)  -> (artifact id: '41c467984332d55f935ae743cdb3ad70') in 0.047500 seconds
  Import took 0.050305 seconds .

========================================================================
Received Import Request.
  Time since last request: 0.000187 seconds.
  path: Assets/Flashlight/Textures/FlashLight_DFSA.png
  artifactKey: Guid(122e558843c712249a4ba618a9bbc907) Importer(815301076,1909f56bfc062723c751e8b465ee728b)
Start importing Assets/Flashlight/Textures/FlashLight_DFSA.png using Guid(122e558843c712249a4ba618a9bbc907) Importer(815301076,1909f56bfc062723c751e8b465ee728b)  -> (artifact id: '1d4d4e3a895981bc3a270a634f989b67') in 0.034503 seconds
  Import took 0.037299 seconds .

========================================================================
Received Import Request.
  Time since last request: 0.000182 seconds.
  path: Assets/Flashlight/Textures/Flashlight_Cookie2.png
  artifactKey: Guid(b66976fe27dd03b49b02412f777eb8b7) Importer(815301076,1909f56bfc062723c751e8b465ee728b)
Start importing Assets/Flashlight/Textures/Flashlight_Cookie2.png using Guid(b66976fe27dd03b49b02412f777eb8b7) Importer(815301076,1909f56bfc062723c751e8b465ee728b)  -> (artifact id: '5495a1bcacc620d0616afba3e92ea3f9') in 0.009107 seconds
  Import took 0.011034 seconds .

========================================================================
Received Import Request.
  Time since last request: 0.000191 seconds.
  path: Assets/Flashlight/Textures/FlashLight_NM.png
  artifactKey: Guid(89cebac462018be4da6232dd388e56c3) Importer(815301076,1909f56bfc062723c751e8b465ee728b)
Start importing Assets/Flashlight/Textures/FlashLight_NM.png using Guid(89cebac462018be4da6232dd388e56c3) Importer(815301076,1909f56bfc062723c751e8b465ee728b)  -> (artifact id: '89f5897cb5e9e435611c1c102e1a3962') in 0.054177 seconds
  Import took 0.057458 seconds .

========================================================================
Received Import Request.
  Time since last request: 2.273458 seconds.
  path: Assets/Flashlight/Model
  artifactKey: Guid(2d4c155c97963c944bc9cb24539b3f6c) Importer(815301076,1909f56bfc062723c751e8b465ee728b)
Start importing Assets/Flashlight/Model using Guid(2d4c155c97963c944bc9cb24539b3f6c) Importer(815301076,1909f56bfc062723c751e8b465ee728b)  -> (artifact id: '29e864267195f91b52769dc12cd92bb1') in 0.005931 seconds
  Import took 0.007928 seconds .

========================================================================
Received Import Request.
  Time since last request: 0.081603 seconds.
  path: Assets/Flashlight/Model/Flashlight.prefab
  artifactKey: Guid(b694b8ec5c41f6247843a2b67222fda6) Importer(815301076,1909f56bfc062723c751e8b465ee728b)
Start importing Assets/Flashlight/Model/Flashlight.prefab using Guid(b694b8ec5c41f6247843a2b67222fda6) Importer(815301076,1909f56bfc062723c751e8b465ee728b)  -> (artifact id: '479242c64c781ee37f0a3da917b62f71') in 0.735040 seconds
  Import took 0.737389 seconds .

========================================================================
Received Import Request.
  Time since last request: 0.000187 seconds.
  path: Assets/Flashlight/Model/Spotlight.prefab
  artifactKey: Guid(7c4cfd35d7e78fb44a0f5522e37c35b1) Importer(815301076,1909f56bfc062723c751e8b465ee728b)
Start importing Assets/Flashlight/Model/Spotlight.prefab using Guid(7c4cfd35d7e78fb44a0f5522e37c35b1) Importer(815301076,1909f56bfc062723c751e8b465ee728b)  -> (artifact id: '16822f6dab9e229268dce176c89521c5') in 0.008209 seconds
  Import took 0.010050 seconds .

========================================================================
Received Import Request.
  Time since last request: 3.893737 seconds.
  path: Assets/Flashlight/Flashlight_Gold
  artifactKey: Guid(ee7c64208f84606499a8d6039f1fa598) Importer(815301076,1909f56bfc062723c751e8b465ee728b)
Start importing Assets/Flashlight/Flashlight_Gold using Guid(ee7c64208f84606499a8d6039f1fa598) Importer(815301076,1909f56bfc062723c751e8b465ee728b)  -> (artifact id: 'd8898c618b2234928f0edc90e2d201e1') in 0.006266 seconds
  Import took 0.008317 seconds .

========================================================================
Received Import Request.
  Time since last request: 0.076770 seconds.
  path: Assets/Flashlight/Flashlight_Gold/Flashlight.prefab
  artifactKey: Guid(d86ca2f4159e6a942abd8dfc52b38395) Importer(815301076,1909f56bfc062723c751e8b465ee728b)
Start importing Assets/Flashlight/Flashlight_Gold/Flashlight.prefab using Guid(d86ca2f4159e6a942abd8dfc52b38395) Importer(815301076,1909f56bfc062723c751e8b465ee728b)  -> (artifact id: '411e7cfe2832336daaaba26aa9393fbe') in 0.023307 seconds
  Import took 0.025791 seconds .

========================================================================
Received Import Request.
  Time since last request: 0.000165 seconds.
  path: Assets/Flashlight/Flashlight_Gold/FlashlightColor.prefab
  artifactKey: Guid(ae07f5a7e50d802419d96b04791e8cc0) Importer(815301076,1909f56bfc062723c751e8b465ee728b)
Start importing Assets/Flashlight/Flashlight_Gold/FlashlightColor.prefab using Guid(ae07f5a7e50d802419d96b04791e8cc0) Importer(815301076,1909f56bfc062723c751e8b465ee728b)  -> (artifact id: '0b1d90b78a7fdf29e528c3dae5dc1b59') in 0.032288 seconds
  Import took 0.034707 seconds .

========================================================================
Received Import Request.
  Time since last request: 235.520772 seconds.
  path: ProjectSettings/TagManager.asset
  artifactKey: Guid(00000000000000003000000000000000) Importer(815301076,1909f56bfc062723c751e8b465ee728b)
Start importing ProjectSettings/TagManager.asset using Guid(00000000000000003000000000000000) Importer(815301076,1909f56bfc062723c751e8b465ee728b)  -> (artifact id: 'f4ef926df445b267a3ad1229010b0405') in 0.007338 seconds
  Import took 0.009435 seconds .

========================================================================
Received Import Request.
  Time since last request: 1847.786066 seconds.
  path: Assets/02. Scripts/Object
  artifactKey: Guid(e8b24f90c22f8c842898f7db1e468a46) Importer(815301076,1909f56bfc062723c751e8b465ee728b)
Start importing Assets/02. Scripts/Object using Guid(e8b24f90c22f8c842898f7db1e468a46) Importer(815301076,1909f56bfc062723c751e8b465ee728b)  -> (artifact id: 'e819a5f5aa6f8ec783039fc3114d398e') in 0.006066 seconds
  Import took 0.008301 seconds .

========================================================================
Received Import Request.
  Time since last request: 21.312903 seconds.
  path: Assets/02. Scripts/Object/FlashLight.cs
  artifactKey: Guid(341ade3c759d29441b902368a6546bd4) Importer(815301076,1909f56bfc062723c751e8b465ee728b)
Start importing Assets/02. Scripts/Object/FlashLight.cs using Guid(341ade3c759d29441b902368a6546bd4) Importer(815301076,1909f56bfc062723c751e8b465ee728b)  -> (artifact id: 'a602d88575801a5517dee2caa27b8d00') in 0.008150 seconds
  Import took 0.010254 seconds .

========================================================================
Received Prepare
Registering precompiled user dll's ...
Registered in 0.000617 seconds.
Begin MonoManager ReloadAssembly
Native extension for WindowsStandalone target not found
Native extension for WebGL target not found
Refreshing native plugins compatible for Editor in 0.31 ms, found 0 plugins.
Preloading 0 native plugins for Editor in 0.00 ms.
Invoked RoslynAnalysisRunner static constructor.
RoslynAnalysisRunner will not be running.
RoslynAnalysisRunner has terminated.
Mono: successfully reloaded assembly
- Completed reload, in  0.606 seconds
Platform modules already initialized, skipping
Refreshing native plugins compatible for Editor in 0.27 ms, found 0 plugins.
Preloading 0 native plugins for Editor in 0.00 ms.
Unloading 1118 Unused Serialized files (Serialized files now loaded: 0)
System memory in use before: 64.6 MB.
System memory in use after: 64.7 MB.

Unloading 5 unused Assets to reduce memory usage. Loaded Objects now: 1595.
Total: 1.444100 ms (FindLiveObjects: 0.155000 ms CreateObjectMapping: 0.030800 ms MarkObjects: 1.246100 ms  DeleteObjects: 0.011400 ms)

========================================================================
Received Import Request.
  Time since last request: 280.541688 seconds.
  path: Assets/Flashlight/Materials/FlashlightBaseMaterial.mat
  artifactKey: Guid(930adfdfdd9fafd469ffb427a452359d) Importer(815301076,1909f56bfc062723c751e8b465ee728b)
Start importing Assets/Flashlight/Materials/FlashlightBaseMaterial.mat using Guid(930adfdfdd9fafd469ffb427a452359d) Importer(815301076,1909f56bfc062723c751e8b465ee728b)  -> (artifact id: '4c0ea3b9f0fad9dd7d0ca50d50ac4210') in 0.065465 seconds
  Import took 0.067722 seconds .

========================================================================
Received Import Request.
  Time since last request: 0.000182 seconds.
  path: Assets/Flashlight/Materials/FlashlightBulbMaterial.mat
  artifactKey: Guid(bb59d9535c521eb48994e16487f7b2b9) Importer(815301076,1909f56bfc062723c751e8b465ee728b)
Start importing Assets/Flashlight/Materials/FlashlightBulbMaterial.mat using Guid(bb59d9535c521eb48994e16487f7b2b9) Importer(815301076,1909f56bfc062723c751e8b465ee728b)  -> (artifact id: '0131939dc379df9203084f3dc3bbb695') in 0.009775 seconds
  Import took 0.011473 seconds .

========================================================================
Received Import Request.
  Time since last request: 0.000162 seconds.
  path: Assets/Flashlight/Materials/FlashlightReflectorMaterial.mat
  artifactKey: Guid(0eb0f996ba805c34c9e5dc4df46deb6b) Importer(815301076,1909f56bfc062723c751e8b465ee728b)
Start importing Assets/Flashlight/Materials/FlashlightReflectorMaterial.mat using Guid(0eb0f996ba805c34c9e5dc4df46deb6b) Importer(815301076,1909f56bfc062723c751e8b465ee728b)  -> (artifact id: '95778e0954f4855bd450c314acd2b441') in 0.010169 seconds
  Import took 0.011917 seconds .

========================================================================
Received Import Request.
  Time since last request: 0.000183 seconds.
  path: Assets/Flashlight/Materials/GreyMaterial.mat
  artifactKey: Guid(0dadad7847eae04468663f7258d176b7) Importer(815301076,1909f56bfc062723c751e8b465ee728b)
Start importing Assets/Flashlight/Materials/GreyMaterial.mat using Guid(0dadad7847eae04468663f7258d176b7) Importer(815301076,1909f56bfc062723c751e8b465ee728b)  -> (artifact id: '7c38f93c5c20c7157628f7fa58908174') in 0.014507 seconds
  Import took 0.016570 seconds .

========================================================================
Received Import Request.
  Time since last request: 0.000214 seconds.
  path: Assets/Flashlight/Materials/Sky.mat
  artifactKey: Guid(408ca907d469b494bbeeb603ab9e8527) Importer(815301076,1909f56bfc062723c751e8b465ee728b)
Start importing Assets/Flashlight/Materials/Sky.mat using Guid(408ca907d469b494bbeeb603ab9e8527) Importer(815301076,1909f56bfc062723c751e8b465ee728b)  -> (artifact id: '35b64df19c90f9859b8c222d1625783c') in 0.079502 seconds
  Import took 0.081488 seconds .

========================================================================
Received Import Request.
  Time since last request: 0.000182 seconds.
  path: Assets/Flashlight/Materials/FlashlightLensMaterial.mat
  artifactKey: Guid(140db2315bb006848a12d719229080a3) Importer(815301076,1909f56bfc062723c751e8b465ee728b)
Start importing Assets/Flashlight/Materials/FlashlightLensMaterial.mat using Guid(140db2315bb006848a12d719229080a3) Importer(815301076,1909f56bfc062723c751e8b465ee728b)  -> (artifact id: 'bc9e16a29a264a064bd77606dfaa2539') in 0.022263 seconds
  Import took 0.024048 seconds .

========================================================================
Received Import Request.
  Time since last request: 4.819064 seconds.
  path: Assets/Flashlight/Flashlight_Gold/Materials
  artifactKey: Guid(5a2f5ccbbc4b37642a5a0125e8aa8fdf) Importer(815301076,1909f56bfc062723c751e8b465ee728b)
Start importing Assets/Flashlight/Flashlight_Gold/Materials using Guid(5a2f5ccbbc4b37642a5a0125e8aa8fdf) Importer(815301076,1909f56bfc062723c751e8b465ee728b)  -> (artifact id: '92fd7c7950cc347bf48b366ac773b535') in 0.005833 seconds
  Import took 0.008074 seconds .

========================================================================
Received Import Request.
  Time since last request: 0.081326 seconds.
  path: Assets/Flashlight/Flashlight_Gold/Materials/FlashlightBaseMaterialColor.mat
  artifactKey: Guid(e413ebf855bf78c45b56f8cd788f0dfb) Importer(815301076,1909f56bfc062723c751e8b465ee728b)
Start importing Assets/Flashlight/Flashlight_Gold/Materials/FlashlightBaseMaterialColor.mat using Guid(e413ebf855bf78c45b56f8cd788f0dfb) Importer(815301076,1909f56bfc062723c751e8b465ee728b)  -> (artifact id: 'b636385d43939935a08ee3a968c21dcb') in 0.017330 seconds
  Import took 0.019425 seconds .

========================================================================
Received Import Request.
  Time since last request: 2.036561 seconds.
  path: Assets/Flashlight/Flashlight_Gold/Textures/FlashLight_DFopac.tga
  artifactKey: Guid(cf64c9ca3b5d59948b24b2bbfc7de172) Importer(815301076,1909f56bfc062723c751e8b465ee728b)
Start importing Assets/Flashlight/Flashlight_Gold/Textures/FlashLight_DFopac.tga using Guid(cf64c9ca3b5d59948b24b2bbfc7de172) Importer(815301076,1909f56bfc062723c751e8b465ee728b)  -> (artifact id: '8b5f1be60e4b2ba366f0b3e0d37dc2b7') in 0.013732 seconds
  Import took 0.015858 seconds .

========================================================================
Received Import Request.
  Time since last request: 0.000185 seconds.
  path: Assets/Flashlight/Flashlight_Gold/Textures/FlashLight_SpecGlossA.tga
  artifactKey: Guid(e24274bffd57fe64b9d132bb24d5e9b1) Importer(815301076,1909f56bfc062723c751e8b465ee728b)
Start importing Assets/Flashlight/Flashlight_Gold/Textures/FlashLight_SpecGlossA.tga using Guid(e24274bffd57fe64b9d132bb24d5e9b1) Importer(815301076,1909f56bfc062723c751e8b465ee728b)  -> (artifact id: '1643e70195a0636c758755679842fdcd') in 0.010314 seconds
  Import took 0.012021 seconds .

========================================================================
Received Import Request.
  Time since last request: 0.000171 seconds.
  path: Assets/Flashlight/Flashlight_Gold/Textures/FlashLight_SpecGlossAGold.tga
  artifactKey: Guid(35016636b78f2c44ebb0b01130e4e895) Importer(815301076,1909f56bfc062723c751e8b465ee728b)
Start importing Assets/Flashlight/Flashlight_Gold/Textures/FlashLight_SpecGlossAGold.tga using Guid(35016636b78f2c44ebb0b01130e4e895) Importer(815301076,1909f56bfc062723c751e8b465ee728b)  -> (artifact id: 'c5123cfc097ddc95534ace6f4179468b') in 0.011900 seconds
  Import took 0.013726 seconds .

========================================================================
Received Import Request.
  Time since last request: 0.000188 seconds.
  path: Assets/Flashlight/Flashlight_Gold/Textures/FlashLight_NM.png
  artifactKey: Guid(b2de17c8cce784e4884c408f008d8311) Importer(815301076,1909f56bfc062723c751e8b465ee728b)
Start importing Assets/Flashlight/Flashlight_Gold/Textures/FlashLight_NM.png using Guid(b2de17c8cce784e4884c408f008d8311) Importer(815301076,1909f56bfc062723c751e8b465ee728b)  -> (artifact id: '32802504ddbf155cb7595a97efc2fc54') in 0.014202 seconds
  Import took 0.016246 seconds .

========================================================================
Received Import Request.
  Time since last request: 0.000177 seconds.
  path: Assets/Flashlight/Flashlight_Gold/Textures/FlashLight_DFopac_Color.tga
  artifactKey: Guid(e8a291073274e564c812f583317376bc) Importer(815301076,1909f56bfc062723c751e8b465ee728b)
Start importing Assets/Flashlight/Flashlight_Gold/Textures/FlashLight_DFopac_Color.tga using Guid(e8a291073274e564c812f583317376bc) Importer(815301076,1909f56bfc062723c751e8b465ee728b)  -> (artifact id: '40e27507417d69ad8ea277cf3c635d5c') in 0.010074 seconds
  Import took 0.011807 seconds .

========================================================================
Received Import Request.
  Time since last request: 5.775055 seconds.
  path: Assets/Flashlight/Flashlight_Gold/Scenes/ExampleScene.unity
  artifactKey: Guid(67643f2f619eaa648bdedc5d80625849) Importer(815301076,1909f56bfc062723c751e8b465ee728b)
Start importing Assets/Flashlight/Flashlight_Gold/Scenes/ExampleScene.unity using Guid(67643f2f619eaa648bdedc5d80625849) Importer(815301076,1909f56bfc062723c751e8b465ee728b)  -> (artifact id: '148afb312e3266e262b86bdf30a9bc02') in 0.006649 seconds
  Import took 0.008704 seconds .

========================================================================
Received Import Request.
  Time since last request: 41.186632 seconds.
  path: Assets/01. Scenes/Main.unity
  artifactKey: Guid(6f5d5b3cbcb0a8c44a0833bbb059f874) Importer(815301076,1909f56bfc062723c751e8b465ee728b)
Start importing Assets/01. Scenes/Main.unity using Guid(6f5d5b3cbcb0a8c44a0833bbb059f874) Importer(815301076,1909f56bfc062723c751e8b465ee728b)  -> (artifact id: '3e7923525a109dcf1b99792e56e626a5') in 0.007083 seconds
  Import took 0.009285 seconds .

========================================================================
Received Import Request.
  Time since last request: 0.000289 seconds.
  path: Assets/01. Scenes/Main.unity
  artifactKey: Guid(6f5d5b3cbcb0a8c44a0833bbb059f874) Importer(815301076,1909f56bfc062723c751e8b465ee728b)
Start importing Assets/01. Scenes/Main.unity using Guid(6f5d5b3cbcb0a8c44a0833bbb059f874) Importer(815301076,1909f56bfc062723c751e8b465ee728b)  -> (artifact id: '3e7923525a109dcf1b99792e56e626a5') in 0.002376 seconds
  Import took 0.004120 seconds .

========================================================================
Received Import Request.
  Time since last request: 1407.632410 seconds.
  path: Assets/Resources/Flashlight.prefab
  artifactKey: Guid(8095630293232fe4bb7928c991b0449d) Importer(815301076,1909f56bfc062723c751e8b465ee728b)
Start importing Assets/Resources/Flashlight.prefab using Guid(8095630293232fe4bb7928c991b0449d) Importer(815301076,1909f56bfc062723c751e8b465ee728b)  -> (artifact id: 'e9f2b60f88dc5938b56c51c93be32539') in 0.029318 seconds
  Import took 0.032139 seconds .

========================================================================
Received Import Request.
  Time since last request: 0.005975 seconds.
  path: Assets/Resources/Flashlight.prefab
  artifactKey: Guid(8095630293232fe4bb7928c991b0449d) Importer(815301076,1909f56bfc062723c751e8b465ee728b)
Start importing Assets/Resources/Flashlight.prefab using Guid(8095630293232fe4bb7928c991b0449d) Importer(815301076,1909f56bfc062723c751e8b465ee728b)  -> (artifact id: 'e9f2b60f88dc5938b56c51c93be32539') in 0.016367 seconds
  Import took 0.018935 seconds .

========================================================================
Received Import Request.
  Time since last request: 6.944052 seconds.
  path: Assets/Resources/Flashlight.prefab
  artifactKey: Guid(8095630293232fe4bb7928c991b0449d) Importer(815301076,1909f56bfc062723c751e8b465ee728b)
Start importing Assets/Resources/Flashlight.prefab using Guid(8095630293232fe4bb7928c991b0449d) Importer(815301076,1909f56bfc062723c751e8b465ee728b)  -> (artifact id: '8d5654d821de07fbf2a4dd47f1cc339b') in 0.017248 seconds
  Import took 0.019435 seconds .

========================================================================
Received Import Request.
  Time since last request: 0.013175 seconds.
  path: Assets/Resources/Flashlight.prefab
  artifactKey: Guid(8095630293232fe4bb7928c991b0449d) Importer(815301076,1909f56bfc062723c751e8b465ee728b)
Start importing Assets/Resources/Flashlight.prefab using Guid(8095630293232fe4bb7928c991b0449d) Importer(815301076,1909f56bfc062723c751e8b465ee728b)  -> (artifact id: '8d5654d821de07fbf2a4dd47f1cc339b') in 0.015338 seconds
  Import took 0.017676 seconds .

========================================================================
Received Prepare
Registering precompiled user dll's ...
Registered in 0.000796 seconds.
Begin MonoManager ReloadAssembly
Native extension for WindowsStandalone target not found
Native extension for WebGL target not found
Refreshing native plugins compatible for Editor in 0.29 ms, found 0 plugins.
Preloading 0 native plugins for Editor in 0.00 ms.
Invoked RoslynAnalysisRunner static constructor.
RoslynAnalysisRunner will not be running.
RoslynAnalysisRunner has terminated.
Mono: successfully reloaded assembly
- Completed reload, in  0.583 seconds
Platform modules already initialized, skipping
Refreshing native plugins compatible for Editor in 0.27 ms, found 0 plugins.
Preloading 0 native plugins for Editor in 0.00 ms.
Unloading 1118 Unused Serialized files (Serialized files now loaded: 0)
System memory in use before: 64.9 MB.
System memory in use after: 65.0 MB.

Unloading 4 unused Assets to reduce memory usage. Loaded Objects now: 1633.
Total: 1.438300 ms (FindLiveObjects: 0.151100 ms CreateObjectMapping: 0.027200 ms MarkObjects: 1.248400 ms  DeleteObjects: 0.010800 ms)

========================================================================
Received Prepare
Registering precompiled user dll's ...
Registered in 0.000634 seconds.
Begin MonoManager ReloadAssembly
Native extension for WindowsStandalone target not found
Native extension for WebGL target not found
Refreshing native plugins compatible for Editor in 0.28 ms, found 0 plugins.
Preloading 0 native plugins for Editor in 0.00 ms.
Invoked RoslynAnalysisRunner static constructor.
RoslynAnalysisRunner will not be running.
RoslynAnalysisRunner has terminated.
Mono: successfully reloaded assembly
- Completed reload, in  0.605 seconds
Platform modules already initialized, skipping
Refreshing native plugins compatible for Editor in 0.27 ms, found 0 plugins.
Preloading 0 native plugins for Editor in 0.00 ms.
Unloading 1118 Unused Serialized files (Serialized files now loaded: 0)
System memory in use before: 64.9 MB.
System memory in use after: 65.0 MB.

Unloading 4 unused Assets to reduce memory usage. Loaded Objects now: 1636.
Total: 1.684300 ms (FindLiveObjects: 0.171100 ms CreateObjectMapping: 0.030800 ms MarkObjects: 1.462900 ms  DeleteObjects: 0.018700 ms)

========================================================================
Received Prepare
Registering precompiled user dll's ...
Registered in 0.001386 seconds.
Begin MonoManager ReloadAssembly
Native extension for WindowsStandalone target not found
Native extension for WebGL target not found
Refreshing native plugins compatible for Editor in 0.28 ms, found 0 plugins.
Preloading 0 native plugins for Editor in 0.00 ms.
Invoked RoslynAnalysisRunner static constructor.
RoslynAnalysisRunner will not be running.
RoslynAnalysisRunner has terminated.
Mono: successfully reloaded assembly
- Completed reload, in  0.640 seconds
Platform modules already initialized, skipping
Refreshing native plugins compatible for Editor in 0.27 ms, found 0 plugins.
Preloading 0 native plugins for Editor in 0.00 ms.
Unloading 1118 Unused Serialized files (Serialized files now loaded: 0)
System memory in use before: 64.9 MB.
System memory in use after: 65.0 MB.

Unloading 4 unused Assets to reduce memory usage. Loaded Objects now: 1639.
Total: 1.604200 ms (FindLiveObjects: 0.178100 ms CreateObjectMapping: 0.026600 ms MarkObjects: 1.381400 ms  DeleteObjects: 0.017200 ms)

========================================================================
Received Prepare
Registering precompiled user dll's ...
Registered in 0.000605 seconds.
Begin MonoManager ReloadAssembly
Native extension for WindowsStandalone target not found
Native extension for WebGL target not found
Refreshing native plugins compatible for Editor in 0.28 ms, found 0 plugins.
Preloading 0 native plugins for Editor in 0.00 ms.
Invoked RoslynAnalysisRunner static constructor.
RoslynAnalysisRunner will not be running.
RoslynAnalysisRunner has terminated.
Mono: successfully reloaded assembly
- Completed reload, in  0.601 seconds
Platform modules already initialized, skipping
Refreshing native plugins compatible for Editor in 0.27 ms, found 0 plugins.
Preloading 0 native plugins for Editor in 0.00 ms.
Unloading 1118 Unused Serialized files (Serialized files now loaded: 0)
System memory in use before: 64.9 MB.
System memory in use after: 65.1 MB.

Unloading 4 unused Assets to reduce memory usage. Loaded Objects now: 1642.
Total: 1.701000 ms (FindLiveObjects: 0.174000 ms CreateObjectMapping: 0.030300 ms MarkObjects: 1.478900 ms  DeleteObjects: 0.016900 ms)

========================================================================
Received Prepare
Registering precompiled user dll's ...
Registered in 0.000557 seconds.
Begin MonoManager ReloadAssembly
Native extension for WindowsStandalone target not found
Native extension for WebGL target not found
Refreshing native plugins compatible for Editor in 0.27 ms, found 0 plugins.
Preloading 0 native plugins for Editor in 0.00 ms.
Invoked RoslynAnalysisRunner static constructor.
RoslynAnalysisRunner will not be running.
RoslynAnalysisRunner has terminated.
Mono: successfully reloaded assembly
- Completed reload, in  0.586 seconds
Platform modules already initialized, skipping
Refreshing native plugins compatible for Editor in 0.31 ms, found 0 plugins.
Preloading 0 native plugins for Editor in 0.00 ms.
Unloading 1118 Unused Serialized files (Serialized files now loaded: 0)
System memory in use before: 65.0 MB.
System memory in use after: 65.1 MB.

Unloading 4 unused Assets to reduce memory usage. Loaded Objects now: 1645.
Total: 1.495300 ms (FindLiveObjects: 0.170600 ms CreateObjectMapping: 0.028100 ms MarkObjects: 1.284500 ms  DeleteObjects: 0.010900 ms)

AssetImportWorkerClient::OnTransportError - code=2 error=End of file
